<?xml version="1.0" encoding="UTF-8"?>
<!-- Generated by org.testng.reporters.JUnitXMLReporter -->
<testsuite ignored="0" hostname="INFLAPD-863" failures="0" tests="3" name="findPets" time="8.736" errors="0" timestamp="2021-06-08T15:58:37 IST">
  <testcase classname="pet.tests.FindPetsTest" name="findPets" time="4.793"/>
  <testcase classname="pet.tests.FindPetsTest" name="findPets" time="2.059"/>
  <testcase classname="pet.tests.FindPetsTest" name="findPets" time="1.847"/>
</testsuite> <!-- findPets -->
