<?xml version="1.0" encoding="UTF-8"?>
<!-- Generated by org.testng.reporters.JUnitXMLReporter -->
<testsuite ignored="0" hostname="fv-az39-568" failures="0" tests="3" name="findPets" time="5.032" errors="0" timestamp="2021-06-11T05:30:28 UTC">
  <testcase classname="pet.tests.FindPetsTest" name="findPets" time="4.394"/>
  <testcase classname="pet.tests.FindPetsTest" name="findPets" time="0.295"/>
  <testcase classname="pet.tests.FindPetsTest" name="findPets" time="0.285"/>
</testsuite> <!-- findPets -->
