<?xml version="1.0" encoding="UTF-8"?>
<!-- Generated by org.testng.reporters.JUnitXMLReporter -->
<testsuite ignored="0" hostname="fv-az42-200" failures="0" tests="3" name="findPets" time="5.081" errors="0" timestamp="2021-06-11T06:39:20 UTC">
  <testcase classname="pet.tests.FindPetsTest" name="findPetsByStatus" time="4.466"/>
  <testcase classname="pet.tests.FindPetsTest" name="findPetsByStatus" time="0.306"/>
  <testcase classname="pet.tests.FindPetsTest" name="findPetsByStatus" time="0.239"/>
</testsuite> <!-- findPets -->
