<?xml version="1.0" encoding="UTF-8"?>
<testng-results ignored="0" total="3" passed="3" failed="0" skipped="0">
  <reporter-output>
  </reporter-output>
  <suite started-at="2021-06-11T06:39:15 UTC" name="Suite" finished-at="2021-06-11T06:39:20 UTC" duration-ms="5081">
    <groups>
    </groups>
    <test started-at="2021-06-11T06:39:15 UTC" name="findPets" finished-at="2021-06-11T06:39:20 UTC" duration-ms="5081">
      <class name="pet.tests.FindPetsTest">
        <test-method is-config="true" signature="testSetup()[pri:0, instance:pet.tests.FindPetsTest@739500b8]" started-at="2021-06-11T06:39:15 UTC" name="testSetup" finished-at="2021-06-11T06:39:15 UTC" duration-ms="14" status="PASS">
          <reporter-output>
          </reporter-output>
        </test-method> <!-- testSetup -->
        <test-method signature="findPetsByStatus(java.lang.String)[pri:0, instance:pet.tests.FindPetsTest@739500b8]" started-at="2021-06-11T06:39:15 UTC" name="findPetsByStatus" data-provider="statusProvider" finished-at="2021-06-11T06:39:19 UTC" duration-ms="4466" status="PASS">
          <params>
            <param index="0">
              <value>
                <![CDATA[available]]>
              </value>
            </param>
          </params>
          <reporter-output>
          </reporter-output>
        </test-method> <!-- findPetsByStatus -->
        <test-method signature="findPetsByStatus(java.lang.String)[pri:0, instance:pet.tests.FindPetsTest@739500b8]" started-at="2021-06-11T06:39:19 UTC" name="findPetsByStatus" data-provider="statusProvider" finished-at="2021-06-11T06:39:20 UTC" duration-ms="306" status="PASS">
          <params>
            <param index="0">
              <value>
                <![CDATA[pending]]>
              </value>
            </param>
          </params>
          <reporter-output>
          </reporter-output>
        </test-method> <!-- findPetsByStatus -->
        <test-method signature="findPetsByStatus(java.lang.String)[pri:0, instance:pet.tests.FindPetsTest@739500b8]" started-at="2021-06-11T06:39:20 UTC" name="findPetsByStatus" data-provider="statusProvider" finished-at="2021-06-11T06:39:20 UTC" duration-ms="239" status="PASS">
          <params>
            <param index="0">
              <value>
                <![CDATA[sold]]>
              </value>
            </param>
          </params>
          <reporter-output>
          </reporter-output>
        </test-method> <!-- findPetsByStatus -->
      </class> <!-- pet.tests.FindPetsTest -->
    </test> <!-- findPets -->
  </suite> <!-- Suite -->
</testng-results>
