<?xml version="1.0" encoding="UTF-8"?>
<testng-results ignored="0" total="3" passed="3" failed="0" skipped="0">
  <reporter-output>
  </reporter-output>
  <suite started-at="2021-06-10T07:46:58 UTC" name="Suite" finished-at="2021-06-10T07:47:04 UTC" duration-ms="6729">
    <groups>
    </groups>
    <test started-at="2021-06-10T07:46:58 UTC" name="findPets" finished-at="2021-06-10T07:47:04 UTC" duration-ms="6729">
      <class name="pet.tests.FindPetsTest">
        <test-method is-config="true" signature="testSetup()[pri:0, instance:pet.tests.FindPetsTest@d96f413]" started-at="2021-06-10T07:46:58 UTC" name="testSetup" finished-at="2021-06-10T07:46:58 UTC" duration-ms="25" status="PASS">
          <reporter-output>
          </reporter-output>
        </test-method> <!-- testSetup -->
        <test-method signature="findPets(java.lang.String)[pri:0, instance:pet.tests.FindPetsTest@d96f413]" started-at="2021-06-10T07:46:58 UTC" name="findPets" data-provider="statusProvider" finished-at="2021-06-10T07:47:03 UTC" duration-ms="5517" status="PASS">
          <params>
            <param index="0">
              <value>
                <![CDATA[available]]>
              </value>
            </param>
          </params>
          <reporter-output>
          </reporter-output>
        </test-method> <!-- findPets -->
        <test-method signature="findPets(java.lang.String)[pri:0, instance:pet.tests.FindPetsTest@d96f413]" started-at="2021-06-10T07:47:03 UTC" name="findPets" data-provider="statusProvider" finished-at="2021-06-10T07:47:04 UTC" duration-ms="739" status="PASS">
          <params>
            <param index="0">
              <value>
                <![CDATA[pending]]>
              </value>
            </param>
          </params>
          <reporter-output>
          </reporter-output>
        </test-method> <!-- findPets -->
        <test-method signature="findPets(java.lang.String)[pri:0, instance:pet.tests.FindPetsTest@d96f413]" started-at="2021-06-10T07:47:04 UTC" name="findPets" data-provider="statusProvider" finished-at="2021-06-10T07:47:04 UTC" duration-ms="383" status="PASS">
          <params>
            <param index="0">
              <value>
                <![CDATA[sold]]>
              </value>
            </param>
          </params>
          <reporter-output>
          </reporter-output>
        </test-method> <!-- findPets -->
      </class> <!-- pet.tests.FindPetsTest -->
    </test> <!-- findPets -->
  </suite> <!-- Suite -->
</testng-results>
