<?xml version="1.0" encoding="UTF-8"?>
<testsuite xmlns:xsi="http://www.w3.org/2001/XMLSchema-instance" xsi:noNamespaceSchemaLocation="https://maven.apache.org/surefire/maven-surefire-plugin/xsd/surefire-test-report-3.0.xsd" version="3.0" name="TestSuite" time="8.727" tests="3" errors="0" skipped="0" failures="0">
  <properties>
[...]
</properties>
  <testcase name="findPets" classname="pet.tests.FindPetsTest" time="5.199"/>
  <testcase name="findPets" classname="pet.tests.FindPetsTest" time="0.356"/>
  <testcase name="findPets" classname="pet.tests.FindPetsTest" time="0.35"/>
</testsuite>