GROUP,PACKAGE,CLASS,INSTRUCTION_MISSED,INSTRUCTION_COVERED,BRANCH_MISSED,BRANCH_COVERED,LINE_MISSED,LINE_COVERED,COMPLEXITY_MISSED,COMPLEXITY_COVERED,METHOD_MISSED,METHOD_COVERED
Take_Home_Test,pet.tests,FindPetsTest,0,243,0,8,0,53,0,9,0,5
Take_Home_Test,pet.helper,Utilities,3,91,0,6,2,17,0,7,0,4
Take_Home_Test,pet.helper,Listners,46,91,0,2,13,23,2,8,2,7
Take_Home_Test,pet.helper,RequestWrapper,0,90,1,1,0,19,1,4,0,4
Take_Home_Test,pet.helper,Utilities.new FilenameFilter() {...},0,7,0,0,0,2,0,2,0,2
Take_Home_Test,pet.helper,ExtentReport,3,39,0,0,1,10,1,1,1,1
Take_Home_Test,pet.endpoints,EndPoints,0,26,0,0,0,6,0,3,0,3
Take_Home_Test,pet.modules,PetModule,0,30,0,0,0,7,0,2,0,2
