GROUP,PACKAGE,CLASS,INSTRUCTION_MISSED,INSTRUCTION_COVERED,BRANCH_MISSED,BRANCH_COVERED,LINE_MISSED,LINE_COVERED,COMPLEXITY_MISSED,COMPLEXITY_COVERED,METHOD_MISSED,METHOD_COVERED
Take_Home_Test,pet.tests,FindPetsTest,15,207,1,7,3,49,1,8,0,5
Take_Home_Test,pet.helper,Utilities,3,88,0,6,2,16,0,6,0,3
Take_Home_Test,pet.helper,Listners,50,104,1,3,14,25,3,8,2,7
Take_Home_Test,pet.helper,RequestWrapper,0,90,1,1,0,19,1,4,0,4
Take_Home_Test,pet.helper,Utilities.new FilenameFilter() {...},0,7,0,0,0,2,0,2,0,2
Take_Home_Test,pet.helper,ExtentReport,3,39,0,0,1,9,1,1,1,1
Take_Home_Test,pet.endpoints,EndPoints,0,26,0,0,0,6,0,3,0,3
Take_Home_Test,pet.modules,PetModule,0,30,0,0,0,7,0,2,0,2
